2022-11-10 16:39:04,112 Test moteur class used
2022-11-10 16:39:04,112 QSS file successfully loaded.
2022-11-10 16:39:04,112 Found application patches to be applied.
2022-11-10 16:39:04,136 QSS file successfully loaded.
2022-11-10 16:39:04,137 Found application patches to be applied.
2022-11-10 16:39:04,142 QSS file successfully loaded.
2022-11-10 16:39:04,142 Found application patches to be applied.
2022-11-10 16:39:04,146 QSS file successfully loaded.
2022-11-10 16:39:04,146 Found application patches to be applied.
2022-11-10 16:39:04,151 QSS file successfully loaded.
2022-11-10 16:39:04,151 Found application patches to be applied.
2022-11-10 16:39:04,155 QSS file successfully loaded.
2022-11-10 16:39:04,155 Found application patches to be applied.
2022-11-10 16:39:04,158 QSS file successfully loaded.
2022-11-10 16:39:04,158 Found application patches to be applied.
2022-11-10 16:39:05,901 motor test rmove  of 40.0 step    position is :  53.0
2022-11-10 16:39:06,680 motor test rmove  of -40.0 step    position is :  13.0
2022-11-10 16:39:13,708 Start Scan
2022-11-10 16:39:13,712 motor test  absolute move to 0.0 step    position is :  0.0
2022-11-10 16:39:14,214 motor test  absolute move to 40 step    position is :  40.0
2022-11-10 16:39:14,223 position reached
2022-11-10 16:39:14,223 Shoot
2022-11-10 16:39:14,224 shoot Problem
2022-11-10 16:41:37,872 Test moteur class used
2022-11-10 16:41:37,872 QSS file successfully loaded.
2022-11-10 16:41:37,872 Found application patches to be applied.
2022-11-10 16:41:37,894 QSS file successfully loaded.
2022-11-10 16:41:37,894 Found application patches to be applied.
2022-11-10 16:41:37,902 QSS file successfully loaded.
2022-11-10 16:41:37,902 Found application patches to be applied.
2022-11-10 16:41:37,906 QSS file successfully loaded.
2022-11-10 16:41:37,906 Found application patches to be applied.
2022-11-10 16:41:37,910 QSS file successfully loaded.
2022-11-10 16:41:37,910 Found application patches to be applied.
2022-11-10 16:41:37,913 QSS file successfully loaded.
2022-11-10 16:41:37,913 Found application patches to be applied.
2022-11-10 16:41:37,917 QSS file successfully loaded.
2022-11-10 16:41:37,918 Found application patches to be applied.
2022-11-10 16:41:41,747 Start Scan
2022-11-10 16:41:41,748 motor test  absolute move to 0.0 step    position is :  0.0
2022-11-10 16:41:42,250 motor test  absolute move to 40 step    position is :  40.0
2022-11-10 16:41:42,258 position reached
2022-11-10 16:41:42,258 Shoot
2022-11-10 16:41:42,258 shoot Problem
2022-11-10 16:42:09,458 Test moteur class used
2022-11-10 16:42:09,458 QSS file successfully loaded.
2022-11-10 16:42:09,458 Found application patches to be applied.
2022-11-10 16:42:09,479 QSS file successfully loaded.
2022-11-10 16:42:09,480 Found application patches to be applied.
2022-11-10 16:42:09,487 QSS file successfully loaded.
2022-11-10 16:42:09,487 Found application patches to be applied.
2022-11-10 16:42:09,491 QSS file successfully loaded.
2022-11-10 16:42:09,491 Found application patches to be applied.
2022-11-10 16:42:09,495 QSS file successfully loaded.
2022-11-10 16:42:09,495 Found application patches to be applied.
2022-11-10 16:42:09,498 QSS file successfully loaded.
2022-11-10 16:42:09,499 Found application patches to be applied.
2022-11-10 16:42:09,503 QSS file successfully loaded.
2022-11-10 16:42:09,503 Found application patches to be applied.
2022-11-10 16:42:14,037 Start Scan
2022-11-10 16:42:14,041 motor test  absolute move to 0.0 step    position is :  0.0
2022-11-10 16:42:14,543 motor test  absolute move to 40 step    position is :  40.0
2022-11-10 16:42:14,547 position reached
2022-11-10 16:42:14,547 Shoot
2022-11-10 16:42:14,547 shoot Problem
2022-11-10 17:02:10,858 Test moteur class used
2022-11-10 17:02:10,859 QSS file successfully loaded.
2022-11-10 17:02:10,859 Found application patches to be applied.
2022-11-10 17:02:10,877 QSS file successfully loaded.
2022-11-10 17:02:10,877 Found application patches to be applied.
2022-11-10 17:02:10,883 QSS file successfully loaded.
2022-11-10 17:02:10,883 Found application patches to be applied.
2022-11-10 17:02:10,887 QSS file successfully loaded.
2022-11-10 17:02:10,887 Found application patches to be applied.
2022-11-10 17:02:10,891 QSS file successfully loaded.
2022-11-10 17:02:10,892 Found application patches to be applied.
2022-11-10 17:02:10,896 QSS file successfully loaded.
2022-11-10 17:02:10,896 Found application patches to be applied.
2022-11-10 17:02:10,899 QSS file successfully loaded.
2022-11-10 17:02:10,899 Found application patches to be applied.
2022-11-10 17:02:20,568 Start Scan
2022-11-10 17:02:20,571 motor test  absolute move to 0.0 step    position is :  0.0
2022-11-10 17:02:21,073 motor test  absolute move to 40 step    position is :  40.0
2022-11-10 17:02:21,083 position reached
2022-11-10 17:02:21,083 Shoot
2022-11-10 17:02:21,083 shoot Problem
2022-11-10 17:05:31,331 Test moteur class used
2022-11-10 17:05:31,331 QSS file successfully loaded.
2022-11-10 17:05:31,331 Found application patches to be applied.
2022-11-10 17:05:31,350 QSS file successfully loaded.
2022-11-10 17:05:31,350 Found application patches to be applied.
2022-11-10 17:05:31,356 QSS file successfully loaded.
2022-11-10 17:05:31,356 Found application patches to be applied.
2022-11-10 17:05:31,359 QSS file successfully loaded.
2022-11-10 17:05:31,360 Found application patches to be applied.
2022-11-10 17:05:31,363 QSS file successfully loaded.
2022-11-10 17:05:31,363 Found application patches to be applied.
2022-11-10 17:05:31,367 QSS file successfully loaded.
2022-11-10 17:05:31,367 Found application patches to be applied.
2022-11-10 17:05:31,372 QSS file successfully loaded.
2022-11-10 17:05:31,372 Found application patches to be applied.
2022-11-10 17:05:35,413 Start Scan
2022-11-10 17:05:35,415 motor test  absolute move to 0.0 step    position is :  0.0
2022-11-10 17:05:35,917 motor test  absolute move to 40 step    position is :  40.0
2022-11-10 17:05:35,924 position reached
2022-11-10 17:05:35,925 Shoot
2022-11-10 17:05:35,925 shoot Problem
2022-11-10 17:06:22,815 Test moteur class used
2022-11-10 17:06:22,816 QSS file successfully loaded.
2022-11-10 17:06:22,816 Found application patches to be applied.
2022-11-10 17:06:22,840 QSS file successfully loaded.
2022-11-10 17:06:22,840 Found application patches to be applied.
2022-11-10 17:06:22,846 QSS file successfully loaded.
2022-11-10 17:06:22,846 Found application patches to be applied.
2022-11-10 17:06:22,851 QSS file successfully loaded.
2022-11-10 17:06:22,851 Found application patches to be applied.
2022-11-10 17:06:22,855 QSS file successfully loaded.
2022-11-10 17:06:22,855 Found application patches to be applied.
2022-11-10 17:06:22,858 QSS file successfully loaded.
2022-11-10 17:06:22,858 Found application patches to be applied.
2022-11-10 17:06:22,861 QSS file successfully loaded.
2022-11-10 17:06:22,861 Found application patches to be applied.
2022-11-10 17:06:28,046 Start Scan
2022-11-10 17:06:28,047 motor test  absolute move to 0.0 step    position is :  0.0
2022-11-10 17:06:28,548 motor test  absolute move to 40 step    position is :  40.0
2022-11-10 17:06:28,556 position reached
2022-11-10 17:06:28,556 Shoot
2022-11-10 17:06:28,556 shoot Problem
2022-11-10 17:07:19,431 Test moteur class used
2022-11-10 17:07:19,432 QSS file successfully loaded.
2022-11-10 17:07:19,432 Found application patches to be applied.
2022-11-10 17:07:19,451 QSS file successfully loaded.
2022-11-10 17:07:19,451 Found application patches to be applied.
2022-11-10 17:07:19,457 QSS file successfully loaded.
2022-11-10 17:07:19,457 Found application patches to be applied.
2022-11-10 17:07:19,461 QSS file successfully loaded.
2022-11-10 17:07:19,461 Found application patches to be applied.
2022-11-10 17:07:19,466 QSS file successfully loaded.
2022-11-10 17:07:19,466 Found application patches to be applied.
2022-11-10 17:07:19,470 QSS file successfully loaded.
2022-11-10 17:07:19,470 Found application patches to be applied.
2022-11-10 17:07:19,473 QSS file successfully loaded.
2022-11-10 17:07:19,473 Found application patches to be applied.
2022-11-10 17:07:27,766 Start Scan
2022-11-10 17:07:27,767 motor test  absolute move to 0.0 step    position is :  0.0
2022-11-10 17:07:28,269 motor test  absolute move to 40 step    position is :  40.0
2022-11-10 17:07:28,278 position reached
2022-11-10 17:07:28,278 Shoot
2022-11-10 17:07:28,278 shoot Problem
2022-11-10 17:07:41,402 end of scan
2022-11-10 17:11:05,668 Test moteur class used
2022-11-10 17:11:05,668 QSS file successfully loaded.
2022-11-10 17:11:05,668 Found application patches to be applied.
2022-11-10 17:11:05,682 start
2022-11-10 17:11:05,687 QSS file successfully loaded.
2022-11-10 17:11:05,687 Found application patches to be applied.
2022-11-10 17:11:05,693 QSS file successfully loaded.
2022-11-10 17:11:05,693 Found application patches to be applied.
2022-11-10 17:11:05,696 QSS file successfully loaded.
2022-11-10 17:11:05,696 Found application patches to be applied.
2022-11-10 17:11:05,700 QSS file successfully loaded.
2022-11-10 17:11:05,700 Found application patches to be applied.
2022-11-10 17:11:05,704 QSS file successfully loaded.
2022-11-10 17:11:05,704 Found application patches to be applied.
2022-11-10 17:11:05,708 QSS file successfully loaded.
2022-11-10 17:11:05,709 Found application patches to be applied.
2022-11-10 17:11:10,412 Start Scan
2022-11-10 17:11:10,414 motor test  absolute move to 0.0 step    position is :  0.0
2022-11-10 17:11:10,916 motor test  absolute move to 40 step    position is :  40.0
2022-11-10 17:11:10,923 position reached
2022-11-10 17:11:10,923 Shoot
2022-11-10 17:11:10,924 shoot Problem
2022-11-10 17:11:14,755 end of scan
2022-11-10 17:37:06,759 Test moteur class used
2022-11-10 17:37:06,759 QSS file successfully loaded.
2022-11-10 17:37:06,759 Found application patches to be applied.
2022-11-10 17:37:06,783 QSS file successfully loaded.
2022-11-10 17:37:06,783 Found application patches to be applied.
2022-11-10 17:37:06,789 QSS file successfully loaded.
2022-11-10 17:37:06,789 Found application patches to be applied.
2022-11-10 17:37:06,793 QSS file successfully loaded.
2022-11-10 17:37:06,793 Found application patches to be applied.
2022-11-10 17:37:06,796 QSS file successfully loaded.
2022-11-10 17:37:06,796 Found application patches to be applied.
2022-11-10 17:37:06,801 QSS file successfully loaded.
2022-11-10 17:37:06,801 Found application patches to be applied.
2022-11-10 17:37:06,805 QSS file successfully loaded.
2022-11-10 17:37:06,805 Found application patches to be applied.
2022-11-10 17:37:08,518 motor test rmove  of 40.0 step    position is :  80.0
2022-11-10 17:37:09,324 motor test rmove  of -40.0 step    position is :  40.0
2022-11-10 17:37:12,474 Start Scan
2022-11-10 17:37:12,475 motor test  absolute move to 0.0 step    position is :  0.0
2022-11-10 17:37:12,976 motor test  absolute move to 40 step    position is :  40.0
2022-11-10 17:37:12,984 position reached
2022-11-10 17:37:12,984 Shoot
2022-11-10 17:37:48,315 Test moteur class used
2022-11-10 17:37:48,315 QSS file successfully loaded.
2022-11-10 17:37:48,315 Found application patches to be applied.
2022-11-10 17:37:48,339 QSS file successfully loaded.
2022-11-10 17:37:48,339 Found application patches to be applied.
2022-11-10 17:37:48,346 QSS file successfully loaded.
2022-11-10 17:37:48,346 Found application patches to be applied.
2022-11-10 17:37:48,350 QSS file successfully loaded.
2022-11-10 17:37:48,350 Found application patches to be applied.
2022-11-10 17:37:48,355 QSS file successfully loaded.
2022-11-10 17:37:48,355 Found application patches to be applied.
2022-11-10 17:37:48,360 QSS file successfully loaded.
2022-11-10 17:37:48,360 Found application patches to be applied.
2022-11-10 17:37:48,363 QSS file successfully loaded.
2022-11-10 17:37:48,363 Found application patches to be applied.
2022-11-10 17:37:50,464 motor test rmove  of 40.0 step    position is :  80.0
2022-11-10 17:37:51,271 motor test rmove  of -40.0 step    position is :  40.0
2022-11-10 17:37:54,457 Start Scan
2022-11-10 17:37:54,459 motor test  absolute move to 0.0 step    position is :  0.0
2022-11-10 17:37:54,961 motor test  absolute move to 40 step    position is :  40.0
2022-11-10 17:37:54,968 position reached
2022-11-10 17:37:54,969 Shoot
2022-11-10 17:37:58,874 end of scan
2022-11-10 17:43:34,335 Test moteur class used
2022-11-10 17:43:34,335 QSS file successfully loaded.
2022-11-10 17:43:34,335 Found application patches to be applied.
2022-11-10 17:43:34,356 QSS file successfully loaded.
2022-11-10 17:43:34,356 Found application patches to be applied.
2022-11-10 17:43:34,364 QSS file successfully loaded.
2022-11-10 17:43:34,364 Found application patches to be applied.
2022-11-10 17:43:34,368 QSS file successfully loaded.
2022-11-10 17:43:34,368 Found application patches to be applied.
2022-11-10 17:43:34,372 QSS file successfully loaded.
2022-11-10 17:43:34,372 Found application patches to be applied.
2022-11-10 17:43:34,375 QSS file successfully loaded.
2022-11-10 17:43:34,375 Found application patches to be applied.
2022-11-10 17:43:34,379 QSS file successfully loaded.
2022-11-10 17:43:34,379 Found application patches to be applied.
2022-11-10 17:43:36,770 motor test rmove  of 40.0 step    position is :  80.0
2022-11-10 17:43:38,092 motor test rmove  of -40.0 step    position is :  40.0
2022-11-10 17:43:40,808 Start Scan
2022-11-10 17:43:40,808 number of steps:1.0um
2022-11-10 17:43:40,808 motor test  absolute move to 0.0 step    position is :  0.0
2022-11-10 17:43:41,310 motor test  absolute move to 40 step    position is :  40.0
2022-11-10 17:43:41,318 position reached
2022-11-10 17:43:41,318 Shoot
